0 info it worked if it ends with ok
1 verbose cli [ '/Users/octave/.nvm/versions/node/v7.2.0/bin/node',
1 verbose cli   '/Users/octave/.nvm/versions/node/v7.2.0/bin/npm',
1 verbose cli   'start' ]
2 info using npm@3.10.9
3 info using node@v7.2.0
4 verbose config Skipping project config: /Users/octave/.npmrc. (matches userconfig)
5 verbose stack Error: ENOENT: no such file or directory, open '/Users/octave/package.json'
6 verbose cwd /Users/octave/Documents/dev/ironhack/02-code/labs/lab-authentication-with-passport
7 error Darwin 16.7.0
8 error argv "/Users/octave/.nvm/versions/node/v7.2.0/bin/node" "/Users/octave/.nvm/versions/node/v7.2.0/bin/npm" "start"
9 error node v7.2.0
10 error npm  v3.10.9
11 error path /Users/octave/package.json
12 error code ENOENT
13 error errno -2
14 error syscall open
15 error enoent ENOENT: no such file or directory, open '/Users/octave/package.json'
16 error enoent ENOENT: no such file or directory, open '/Users/octave/package.json'
16 error enoent This is most likely not a problem with npm itself
16 error enoent and is related to npm not being able to find a file.
17 verbose exit [ -2, true ]
